<?xml version="1.0" encoding="UTF-8"?>
<testsuites>
  <testsuite name="CodeIgniter Application Test Suite" tests="1" assertions="1" failures="1" errors="0" time="0.041308">
    <testsuite name="dashboard_Dashboard_test" file="C:\MAMP\htdocs\webase\application\tests\modules\controllers\Dashboard_test.php" tests="1" assertions="1" failures="1" errors="0" time="0.041308">
      <testcase name="test_index" class="dashboard_Dashboard_test" file="C:\MAMP\htdocs\webase\application\tests\modules\controllers\Dashboard_test.php" line="6" assertions="1" time="0.041308">
        <failure type="PHPUnit_Framework_ExpectationFailedException">dashboard_Dashboard_test::test_index&#13;
Failed asserting that 'The configuration file auth/ion_auth.php does not exist.' contains "&lt;h1&gt;Welcome to Webase&lt;/h1&gt;".
&#13;
C:\MAMP\htdocs\webase\application\tests\modules\controllers\Dashboard_test.php:9
</failure>
      </testcase>
    </testsuite>
  </testsuite>
</testsuites>
