<?xml version="1.0" encoding="UTF-8"?>
<testsuites>
  <testsuite name="CodeIgniter Application Test Suite" tests="1" assertions="1" failures="0" errors="0" time="0.058023">
    <testsuite name="dashboard_Dashboard_test" file="C:\MAMP\htdocs\webase\application\tests\modules\controllers\Dashboard_test.php" tests="1" assertions="1" failures="0" errors="0" time="0.058023">
      <testcase name="test_index" class="dashboard_Dashboard_test" file="C:\MAMP\htdocs\webase\application\tests\modules\controllers\Dashboard_test.php" line="6" assertions="1" time="0.058023"/>
    </testsuite>
  </testsuite>
</testsuites>
